{
  "stats": {
    "suites": 1,
    "tests": 2,
    "passes": 1,
    "pending": 0,
    "failures": 1,
    "start": "2023-01-18T13:51:55.240Z",
    "end": "2023-01-18T13:52:18.967Z",
    "duration": 23727,
    "testsRegistered": 2,
    "passPercent": 50,
    "pendingPercent": 0,
    "other": 0,
    "hasOther": false,
    "skipped": 0,
    "hasSkipped": false
  },
  "results": [
    {
      "uuid": "e9f7b9b4-a39d-49f7-ae40-9d47b1cfe70a",
      "title": "",
      "fullFile": "cypress\\e2e\\pomdemo.cy.js",
      "file": "cypress\\e2e\\pomdemo.cy.js",
      "beforeHooks": [],
      "afterHooks": [],
      "tests": [],
      "suites": [
        {
          "uuid": "ed91fdc8-7c5f-4f09-9a81-8a266b1281ef",
          "title": "All login tests",
          "fullFile": "",
          "file": "",
          "beforeHooks": [],
          "afterHooks": [],
          "tests": [
            {
              "title": "Login with valid credentails",
              "fullTitle": "All login tests Login with valid credentails",
              "timedOut": null,
              "duration": 10470,
              "state": "passed",
              "speed": "slow",
              "pass": true,
              "fail": false,
              "pending": false,
              "context": null,
              "code": "loginPage.login('Admin', 'admin123');",
              "err": {},
              "uuid": "cdbcba6d-232e-4e7e-bef8-3807b9ccc5af",
              "parentUUID": "ed91fdc8-7c5f-4f09-9a81-8a266b1281ef",
              "isHook": false,
              "skipped": false
            },
            {
              "title": "Login with invalid username",
              "fullTitle": "All login tests Login with invalid username",
              "timedOut": null,
              "duration": 9977,
              "state": "failed",
              "speed": null,
              "pass": false,
              "fail": true,
              "pending": false,
              "context": null,
              "code": "loginPage.login('Admin123', 'admin123');",
              "err": {
                "message": "AssertionError: Timed out retrying after 4000ms: Expected to find content: 'My Info' but never did.",
                "estack": "AssertionError: Timed out retrying after 4000ms: Expected to find content: 'My Info' but never did.\n    at LoginPage.login (webpack:///./cypress/e2e/pages/login_page.js:16:11)\n    at Context.eval (webpack:///./cypress/e2e/pomdemo.cy.js:37:18)",
                "diff": null
              },
              "uuid": "c6b3a6dc-1ffb-4002-a39b-d520693e9d78",
              "parentUUID": "ed91fdc8-7c5f-4f09-9a81-8a266b1281ef",
              "isHook": false,
              "skipped": false
            }
          ],
          "suites": [],
          "passes": [
            "cdbcba6d-232e-4e7e-bef8-3807b9ccc5af"
          ],
          "failures": [
            "c6b3a6dc-1ffb-4002-a39b-d520693e9d78"
          ],
          "pending": [],
          "skipped": [],
          "duration": 20447,
          "root": false,
          "rootEmpty": false,
          "_timeout": 2000
        }
      ],
      "passes": [],
      "failures": [],
      "pending": [],
      "skipped": [],
      "duration": 0,
      "root": true,
      "rootEmpty": true,
      "_timeout": 2000
    }
  ],
  "meta": {
    "mocha": {
      "version": "7.0.1"
    },
    "mochawesome": {
      "options": {
        "quiet": false,
        "reportFilename": "mochawesome",
        "saveHtml": false,
        "saveJson": true,
        "consoleReporter": "spec",
        "useInlineDiffs": false,
        "code": true
      },
      "version": "7.1.3"
    },
    "marge": {
      "options": {
        "charts": true,
        "overwrite": false,
        "html": false,
        "json": true,
        "reportDir": "cypress/report"
      },
      "version": "6.2.0"
    }
  }
}