{
  "stats": {
    "suites": 1,
    "tests": 1,
    "passes": 1,
    "pending": 0,
    "failures": 0,
    "start": "2023-01-18T13:38:04.913Z",
    "end": "2023-01-18T13:38:14.436Z",
    "duration": 9523,
    "testsRegistered": 1,
    "passPercent": 100,
    "pendingPercent": 0,
    "other": 0,
    "hasOther": false,
    "skipped": 0,
    "hasSkipped": false
  },
  "results": [
    {
      "uuid": "d5cecbe0-84ed-4368-b885-15aab59313c5",
      "title": "",
      "fullFile": "cypress\\e2e\\Navigation.cy.js",
      "file": "cypress\\e2e\\Navigation.cy.js",
      "beforeHooks": [],
      "afterHooks": [],
      "tests": [],
      "suites": [
        {
          "uuid": "8955b83e-1006-4330-bc94-1a78253c1848",
          "title": "Navigation Test",
          "fullFile": "",
          "file": "",
          "beforeHooks": [],
          "afterHooks": [],
          "tests": [
            {
              "title": "Go() and Reload()",
              "fullTitle": "Navigation Test Go() and Reload()",
              "timedOut": null,
              "duration": 5823,
              "state": "passed",
              "speed": "medium",
              "pass": true,
              "fail": false,
              "pending": false,
              "context": null,
              "code": "cy.visit(\"https://demo.opencart.com/\");\ncy.title().should('eq', 'Your Store');\ncy.xpath(\"//a[normalize-space()='Cameras']\").click();\ncy.get(\"div[id='content'] h2\").should('have.text', \"Cameras\");\ncy.go('back'); //go back to home\ncy.title().should('eq', 'Your Store');\ncy.go('forward');\ncy.get(\"div[id='content'] h2\").should('have.text', \"Cameras\");\ncy.go(-1); //home\ncy.title().should('eq', 'Your Store');\ncy.go(1);\ncy.get(\"div[id='content'] h2\").should('have.text', \"Cameras\");\ncy.reload();",
              "err": {},
              "uuid": "b75d1e34-4031-4edd-a20a-d81850e69fde",
              "parentUUID": "8955b83e-1006-4330-bc94-1a78253c1848",
              "isHook": false,
              "skipped": false
            }
          ],
          "suites": [],
          "passes": [
            "b75d1e34-4031-4edd-a20a-d81850e69fde"
          ],
          "failures": [],
          "pending": [],
          "skipped": [],
          "duration": 5823,
          "root": false,
          "rootEmpty": false,
          "_timeout": 2000
        }
      ],
      "passes": [],
      "failures": [],
      "pending": [],
      "skipped": [],
      "duration": 0,
      "root": true,
      "rootEmpty": true,
      "_timeout": 2000
    }
  ],
  "meta": {
    "mocha": {
      "version": "7.0.1"
    },
    "mochawesome": {
      "options": {
        "quiet": false,
        "reportFilename": "mochawesome",
        "saveHtml": false,
        "saveJson": true,
        "consoleReporter": "spec",
        "useInlineDiffs": false,
        "code": true
      },
      "version": "7.1.3"
    },
    "marge": {
      "options": {
        "charts": true,
        "overwrite": false,
        "html": false,
        "json": true,
        "reportDir": "cypress/report"
      },
      "version": "6.2.0"
    }
  }
}