{
  "stats": {
    "suites": 1,
    "tests": 1,
    "passes": 1,
    "pending": 0,
    "failures": 0,
    "start": "2023-01-18T14:01:51.512Z",
    "end": "2023-01-18T14:02:04.814Z",
    "duration": 13302,
    "testsRegistered": 1,
    "passPercent": 100,
    "pendingPercent": 0,
    "other": 0,
    "hasOther": false,
    "skipped": 0,
    "hasSkipped": false
  },
  "results": [
    {
      "uuid": "f3bde811-b56a-462d-83d8-ea7051340736",
      "title": "",
      "fullFile": "cypress\\e2e\\loginmodule.cy.js",
      "file": "cypress\\e2e\\loginmodule.cy.js",
      "beforeHooks": [],
      "afterHooks": [],
      "tests": [],
      "suites": [
        {
          "uuid": "e2283a4e-4afc-467d-9f07-c3a2daa562d4",
          "title": "All login tests",
          "fullFile": "",
          "file": "",
          "beforeHooks": [],
          "afterHooks": [],
          "tests": [
            {
              "title": "FixturesDemoTest",
              "fullTitle": "All login tests FixturesDemoTest",
              "timedOut": null,
              "duration": 9362,
              "state": "passed",
              "speed": "medium",
              "pass": true,
              "fail": false,
              "pending": false,
              "context": null,
              "code": "loginPage.login(userdata.name, userdata.password);\ncy.get(\".oxd-topbar-header-breadcrumb > .oxd-text\").should('have.text', 'Dashboard');",
              "err": {},
              "uuid": "08c11b08-e846-42db-a5b3-761da129c9bd",
              "parentUUID": "e2283a4e-4afc-467d-9f07-c3a2daa562d4",
              "isHook": false,
              "skipped": false
            }
          ],
          "suites": [],
          "passes": [
            "08c11b08-e846-42db-a5b3-761da129c9bd"
          ],
          "failures": [],
          "pending": [],
          "skipped": [],
          "duration": 9362,
          "root": false,
          "rootEmpty": false,
          "_timeout": 2000
        }
      ],
      "passes": [],
      "failures": [],
      "pending": [],
      "skipped": [],
      "duration": 0,
      "root": true,
      "rootEmpty": true,
      "_timeout": 2000
    }
  ],
  "meta": {
    "mocha": {
      "version": "7.0.1"
    },
    "mochawesome": {
      "options": {
        "quiet": false,
        "reportFilename": "mochawesome",
        "saveHtml": false,
        "saveJson": true,
        "consoleReporter": "spec",
        "useInlineDiffs": false,
        "code": true
      },
      "version": "7.1.3"
    },
    "marge": {
      "options": {
        "charts": true,
        "overwrite": false,
        "html": false,
        "json": true,
        "reportDir": "cypress/report"
      },
      "version": "6.2.0"
    }
  }
}