{
  "stats": {
    "suites": 0,
    "tests": 1,
    "passes": 1,
    "pending": 0,
    "failures": 0,
    "start": "2023-01-18T13:54:23.645Z",
    "end": "2023-01-18T13:54:35.018Z",
    "duration": 11373,
    "testsRegistered": 1,
    "passPercent": 100,
    "pendingPercent": 0,
    "other": 0,
    "hasOther": false,
    "skipped": 0,
    "hasSkipped": false
  },
  "results": [
    {
      "uuid": "f47854c0-c1c2-4418-ac72-f6fa7854487e",
      "title": "",
      "fullFile": "cypress\\e2e\\XpathSelector.cy.js",
      "file": "cypress\\e2e\\XpathSelector.cy.js",
      "beforeHooks": [],
      "afterHooks": [],
      "tests": [
        {
          "title": "Login",
          "fullTitle": "Login",
          "timedOut": null,
          "duration": 6778,
          "state": "passed",
          "speed": "medium",
          "pass": true,
          "fail": false,
          "pending": false,
          "context": null,
          "code": "cy.visit('https://opensource-demo.orangehrmlive.com/web/index.php/auth/login');\ncy.xpath(\"//input[@placeholder='username']\").type(\"Admin\");\ncy.xpath(\"//input[@name='password']\").type(\"admin123\");\ncy.xpath(\"//button[@type='submit']\").click();",
          "err": {},
          "uuid": "d7feb502-2558-40f1-8f60-95147cb86532",
          "parentUUID": "f47854c0-c1c2-4418-ac72-f6fa7854487e",
          "isHook": false,
          "skipped": false
        }
      ],
      "suites": [],
      "passes": [
        "d7feb502-2558-40f1-8f60-95147cb86532"
      ],
      "failures": [],
      "pending": [],
      "skipped": [],
      "duration": 6778,
      "root": true,
      "rootEmpty": false,
      "_timeout": 2000
    }
  ],
  "meta": {
    "mocha": {
      "version": "7.0.1"
    },
    "mochawesome": {
      "options": {
        "quiet": false,
        "reportFilename": "mochawesome",
        "saveHtml": false,
        "saveJson": true,
        "consoleReporter": "spec",
        "useInlineDiffs": false,
        "code": true
      },
      "version": "7.1.3"
    },
    "marge": {
      "options": {
        "charts": true,
        "overwrite": false,
        "html": false,
        "json": true,
        "reportDir": "cypress/report"
      },
      "version": "6.2.0"
    }
  }
}