{
  "stats": {
    "suites": 1,
    "tests": 1,
    "passes": 1,
    "pending": 0,
    "failures": 0,
    "start": "2023-01-18T14:01:44.978Z",
    "end": "2023-01-18T14:01:46.379Z",
    "duration": 1401,
    "testsRegistered": 1,
    "passPercent": 100,
    "pendingPercent": 0,
    "other": 0,
    "hasOther": false,
    "skipped": 0,
    "hasSkipped": false
  },
  "results": [
    {
      "uuid": "67a85306-6f54-4a4b-84d1-9f9b4ab2e0b0",
      "title": "",
      "fullFile": "cypress\\e2e\\HooksAndTags.cy.js",
      "file": "cypress\\e2e\\HooksAndTags.cy.js",
      "beforeHooks": [],
      "afterHooks": [],
      "tests": [],
      "suites": [
        {
          "uuid": "b1376caa-77f1-44f5-9bd5-11e119bb44d9",
          "title": "MyTestSuite",
          "fullFile": "",
          "file": "",
          "beforeHooks": [],
          "afterHooks": [],
          "tests": [
            {
              "title": "Listing Products",
              "fullTitle": "MyTestSuite Listing Products",
              "timedOut": null,
              "duration": 1286,
              "state": "passed",
              "speed": "fast",
              "pass": true,
              "fail": false,
              "pending": false,
              "context": null,
              "code": "cy.log(\"******** Listing products ********\");",
              "err": {},
              "uuid": "61b37b0d-3653-41ed-af2a-4af222195bb0",
              "parentUUID": "b1376caa-77f1-44f5-9bd5-11e119bb44d9",
              "isHook": false,
              "skipped": false
            }
          ],
          "suites": [],
          "passes": [
            "61b37b0d-3653-41ed-af2a-4af222195bb0"
          ],
          "failures": [],
          "pending": [],
          "skipped": [],
          "duration": 1286,
          "root": false,
          "rootEmpty": false,
          "_timeout": 2000
        }
      ],
      "passes": [],
      "failures": [],
      "pending": [],
      "skipped": [],
      "duration": 0,
      "root": true,
      "rootEmpty": true,
      "_timeout": 2000
    }
  ],
  "meta": {
    "mocha": {
      "version": "7.0.1"
    },
    "mochawesome": {
      "options": {
        "quiet": false,
        "reportFilename": "mochawesome",
        "saveHtml": false,
        "saveJson": true,
        "consoleReporter": "spec",
        "useInlineDiffs": false,
        "code": true
      },
      "version": "7.1.3"
    },
    "marge": {
      "options": {
        "charts": true,
        "overwrite": false,
        "html": false,
        "json": true,
        "reportDir": "cypress/report"
      },
      "version": "6.2.0"
    }
  }
}