{
  "stats": {
    "suites": 1,
    "tests": 1,
    "passes": 1,
    "pending": 0,
    "failures": 0,
    "start": "2023-01-18T13:58:41.419Z",
    "end": "2023-01-18T13:58:50.640Z",
    "duration": 9221,
    "testsRegistered": 1,
    "passPercent": 100,
    "pendingPercent": 0,
    "other": 0,
    "hasOther": false,
    "skipped": 0,
    "hasSkipped": false
  },
  "results": [
    {
      "uuid": "db381893-a3e1-4b19-8505-88d623dd0142",
      "title": "",
      "fullFile": "cypress\\e2e\\Alerts.cy.js",
      "file": "cypress\\e2e\\Alerts.cy.js",
      "beforeHooks": [],
      "afterHooks": [],
      "tests": [],
      "suites": [
        {
          "uuid": "4d5daa7b-c579-44ad-8401-0d09615f6b8a",
          "title": "Alerts",
          "fullFile": "",
          "file": "",
          "beforeHooks": [],
          "afterHooks": [],
          "tests": [
            {
              "title": "JS Authenticated Alert",
              "fullTitle": "Alerts JS Authenticated Alert",
              "timedOut": null,
              "duration": 3992,
              "state": "passed",
              "speed": "fast",
              "pass": true,
              "fail": false,
              "pending": false,
              "context": null,
              "code": "//Approach one to pass credentials (within visit url in json format)\n// cy.visit('https://the-internet.herokuapp.com/basic_auth', {\n//     auth: {\n//         username: \"admin\",\n//         password: \"admin\"\n//     }\n// })\n// cy.get(\"div[class='example'] p\").should('have.contain', 'Congratulations')\n//Approach two to pass credentails (with url)\ncy.visit('https://admin:admin@the-internet.herokuapp.com/basic_auth');\ncy.get(\"div[class='example'] p\").should('have.contain', 'Congratulations');",
              "err": {},
              "uuid": "cb57bf64-802c-4c9a-a034-ab89f1d63053",
              "parentUUID": "4d5daa7b-c579-44ad-8401-0d09615f6b8a",
              "isHook": false,
              "skipped": false
            }
          ],
          "suites": [],
          "passes": [
            "cb57bf64-802c-4c9a-a034-ab89f1d63053"
          ],
          "failures": [],
          "pending": [],
          "skipped": [],
          "duration": 3992,
          "root": false,
          "rootEmpty": false,
          "_timeout": 2000
        }
      ],
      "passes": [],
      "failures": [],
      "pending": [],
      "skipped": [],
      "duration": 0,
      "root": true,
      "rootEmpty": true,
      "_timeout": 2000
    }
  ],
  "meta": {
    "mocha": {
      "version": "7.0.1"
    },
    "mochawesome": {
      "options": {
        "quiet": false,
        "reportFilename": "mochawesome",
        "saveHtml": false,
        "saveJson": true,
        "consoleReporter": "spec",
        "useInlineDiffs": false,
        "code": true
      },
      "version": "7.1.3"
    },
    "marge": {
      "options": {
        "charts": true,
        "overwrite": false,
        "html": false,
        "json": true,
        "reportDir": "cypress/report"
      },
      "version": "6.2.0"
    }
  }
}