{
  "stats": {
    "suites": 1,
    "tests": 1,
    "passes": 1,
    "pending": 0,
    "failures": 0,
    "start": "2023-01-18T14:00:38.986Z",
    "end": "2023-01-18T14:00:53.165Z",
    "duration": 14179,
    "testsRegistered": 1,
    "passPercent": 100,
    "pendingPercent": 0,
    "other": 0,
    "hasOther": false,
    "skipped": 0,
    "hasSkipped": false
  },
  "results": [
    {
      "uuid": "beb421d8-3b06-4017-8b76-cda9ec1d249c",
      "title": "",
      "fullFile": "cypress\\e2e\\FileUpload.cy.js",
      "file": "cypress\\e2e\\FileUpload.cy.js",
      "beforeHooks": [],
      "afterHooks": [],
      "tests": [],
      "suites": [
        {
          "uuid": "d5692efb-c4e0-4c68-b7a9-10306b563440",
          "title": "File Uploads",
          "fullFile": "",
          "file": "",
          "beforeHooks": [],
          "afterHooks": [],
          "tests": [
            {
              "title": "File Upload - Shadow Dom",
              "fullTitle": "File Uploads File Upload - Shadow Dom",
              "timedOut": null,
              "duration": 9809,
              "state": "passed",
              "speed": "medium",
              "pass": true,
              "fail": false,
              "pending": false,
              "context": null,
              "code": "cy.visit(\"https://www.htmlelements.com/demos/fileupload/shadow-dom/index.htm\");\ncy.get('.smart-browse-input', {\n  includeShadowDom: true\n}).attachFile(\"example.json\");\ncy.wait(3000);\ncy.get('.smart-item-name', {\n  includeShadowDom: true\n}).contains('example.json');",
              "err": {},
              "uuid": "9a2dad7e-b0b2-4b4f-b2ba-0f9fffe63c25",
              "parentUUID": "d5692efb-c4e0-4c68-b7a9-10306b563440",
              "isHook": false,
              "skipped": false
            }
          ],
          "suites": [],
          "passes": [
            "9a2dad7e-b0b2-4b4f-b2ba-0f9fffe63c25"
          ],
          "failures": [],
          "pending": [],
          "skipped": [],
          "duration": 9809,
          "root": false,
          "rootEmpty": false,
          "_timeout": 2000
        }
      ],
      "passes": [],
      "failures": [],
      "pending": [],
      "skipped": [],
      "duration": 0,
      "root": true,
      "rootEmpty": true,
      "_timeout": 2000
    }
  ],
  "meta": {
    "mocha": {
      "version": "7.0.1"
    },
    "mochawesome": {
      "options": {
        "quiet": false,
        "reportFilename": "mochawesome",
        "saveHtml": false,
        "saveJson": true,
        "consoleReporter": "spec",
        "useInlineDiffs": false,
        "code": true
      },
      "version": "7.1.3"
    },
    "marge": {
      "options": {
        "charts": true,
        "overwrite": false,
        "html": false,
        "json": true,
        "reportDir": "cypress/report"
      },
      "version": "6.2.0"
    }
  }
}