{
  "stats": {
    "suites": 1,
    "tests": 1,
    "passes": 1,
    "pending": 0,
    "failures": 0,
    "start": "2023-01-18T14:01:00.859Z",
    "end": "2023-01-18T14:01:10.392Z",
    "duration": 9533,
    "testsRegistered": 1,
    "passPercent": 100,
    "pendingPercent": 0,
    "other": 0,
    "hasOther": false,
    "skipped": 0,
    "hasSkipped": false
  },
  "results": [
    {
      "uuid": "33be6799-1428-441b-b1f0-336c51151126",
      "title": "",
      "fullFile": "cypress\\e2e\\Frames.cy.js",
      "file": "cypress\\e2e\\Frames.cy.js",
      "beforeHooks": [],
      "afterHooks": [],
      "tests": [],
      "suites": [
        {
          "uuid": "0d637d26-958d-4a29-8769-2ed2eb405c1d",
          "title": "Handling frame",
          "fullFile": "",
          "file": "",
          "beforeHooks": [],
          "afterHooks": [],
          "tests": [
            {
              "title": "Approach 3 - using cypress iframe plugin",
              "fullTitle": "Handling frame Approach 3 - using cypress iframe plugin",
              "timedOut": null,
              "duration": 5601,
              "state": "passed",
              "speed": "medium",
              "pass": true,
              "fail": false,
              "pending": false,
              "context": null,
              "code": "cy.visit('https://the-internet.herokuapp.com/iframe');\ncy.frameLoaded('#mce_0_ifr'); //Load the frame\ncy.iframe('#mce_0_ifr').clear().type(\"Welcome{selectall}\");\ncy.get(\"[aria-label='Bold']\").click();",
              "err": {},
              "uuid": "d990bfbf-10b8-4c6b-b9d2-bc1830a7d044",
              "parentUUID": "0d637d26-958d-4a29-8769-2ed2eb405c1d",
              "isHook": false,
              "skipped": false
            }
          ],
          "suites": [],
          "passes": [
            "d990bfbf-10b8-4c6b-b9d2-bc1830a7d044"
          ],
          "failures": [],
          "pending": [],
          "skipped": [],
          "duration": 5601,
          "root": false,
          "rootEmpty": false,
          "_timeout": 2000
        }
      ],
      "passes": [],
      "failures": [],
      "pending": [],
      "skipped": [],
      "duration": 0,
      "root": true,
      "rootEmpty": true,
      "_timeout": 2000
    }
  ],
  "meta": {
    "mocha": {
      "version": "7.0.1"
    },
    "mochawesome": {
      "options": {
        "quiet": false,
        "reportFilename": "mochawesome",
        "saveHtml": false,
        "saveJson": true,
        "consoleReporter": "spec",
        "useInlineDiffs": false,
        "code": true
      },
      "version": "7.1.3"
    },
    "marge": {
      "options": {
        "charts": true,
        "overwrite": false,
        "html": false,
        "json": true,
        "reportDir": "cypress/report"
      },
      "version": "6.2.0"
    }
  }
}