{
  "stats": {
    "suites": 0,
    "tests": 3,
    "passes": 3,
    "pending": 0,
    "failures": 0,
    "start": "2023-01-10T16:38:40.619Z",
    "end": "2023-01-10T16:38:40.984Z",
    "duration": 365,
    "testsRegistered": 3,
    "passPercent": 100,
    "pendingPercent": 0,
    "other": 0,
    "hasOther": false,
    "skipped": 0,
    "hasSkipped": false
  },
  "results": [
    {
      "uuid": "12f04a12-e334-4745-8783-99f5fd1227d4",
      "title": "",
      "fullFile": "cypress\\e2e\\readwritefile.cy.js",
      "file": "cypress\\e2e\\readwritefile.cy.js",
      "beforeHooks": [],
      "afterHooks": [],
      "tests": [
        {
          "title": "Read files using fixture",
          "fullTitle": "Read files using fixture",
          "timedOut": null,
          "duration": 156,
          "state": "passed",
          "speed": "fast",
          "pass": true,
          "fail": false,
          "pending": false,
          "context": null,
          "code": "cy.fixture('example.json').then(data => {\n  cy.log(data.name);\n  cy.log(data.email);\n});\n//cy.fixture('example').its('name').should('eq', 'harshitha')\ncy.log(this.test_data.name);",
          "err": {},
          "uuid": "830c9215-7fe5-47fb-96e9-cd4ceadd36cd",
          "parentUUID": "12f04a12-e334-4745-8783-99f5fd1227d4",
          "isHook": false,
          "skipped": false
        },
        {
          "title": "Read file using readFile()",
          "fullTitle": "Read file using readFile()",
          "timedOut": null,
          "duration": 87,
          "state": "passed",
          "speed": "fast",
          "pass": true,
          "fail": false,
          "pending": false,
          "context": null,
          "code": "cy.readFile('./cypress/fixtures/example.json').then(data => {\n  cy.log(data.name);\n});\ncy.readFile('./cypress/fixtures/example.json').its('name').should('eq', 'harshitha');",
          "err": {},
          "uuid": "9b100a88-ceb9-4bb1-99b0-44378223a7f1",
          "parentUUID": "12f04a12-e334-4745-8783-99f5fd1227d4",
          "isHook": false,
          "skipped": false
        },
        {
          "title": "Write file demo",
          "fullTitle": "Write file demo",
          "timedOut": null,
          "duration": 74,
          "state": "passed",
          "speed": "fast",
          "pass": true,
          "fail": false,
          "pending": false,
          "context": null,
          "code": "cy.writeFile('./cypress/fixtures/sample.txt', 'Hello, let us learn cypress\\n');\ncy.writeFile('./cypress/fixtures/sample.txt', 'Welcome to learnings', {\n  flag: 'a+'\n});",
          "err": {},
          "uuid": "7fd4d4a7-3bfa-4f9a-a0cf-c926f9800ba1",
          "parentUUID": "12f04a12-e334-4745-8783-99f5fd1227d4",
          "isHook": false,
          "skipped": false
        }
      ],
      "suites": [],
      "passes": [
        "830c9215-7fe5-47fb-96e9-cd4ceadd36cd",
        "9b100a88-ceb9-4bb1-99b0-44378223a7f1",
        "7fd4d4a7-3bfa-4f9a-a0cf-c926f9800ba1"
      ],
      "failures": [],
      "pending": [],
      "skipped": [],
      "duration": 317,
      "root": true,
      "rootEmpty": false,
      "_timeout": 2000
    }
  ],
  "meta": {
    "mocha": {
      "version": "7.0.1"
    },
    "mochawesome": {
      "options": {
        "quiet": false,
        "reportFilename": "mochawesome",
        "saveHtml": false,
        "saveJson": true,
        "consoleReporter": "spec",
        "useInlineDiffs": false,
        "code": true
      },
      "version": "7.1.3"
    },
    "marge": {
      "options": {
        "charts": true,
        "overwrite": false,
        "html": false,
        "json": true,
        "reportDir": "cypress/report"
      },
      "version": "6.2.0"
    }
  }
}