{
  "stats": {
    "suites": 1,
    "tests": 1,
    "passes": 1,
    "pending": 0,
    "failures": 0,
    "start": "2023-01-16T06:05:49.947Z",
    "end": "2023-01-16T06:05:53.665Z",
    "duration": 3718,
    "testsRegistered": 1,
    "passPercent": 100,
    "pendingPercent": 0,
    "other": 0,
    "hasOther": false,
    "skipped": 0,
    "hasSkipped": false
  },
  "results": [
    {
      "uuid": "1b6f492f-b7ca-4c83-bb52-be8a9f585329",
      "title": "",
      "fullFile": "cypress\\e2e\\spec.cy.js",
      "file": "cypress\\e2e\\spec.cy.js",
      "beforeHooks": [],
      "afterHooks": [],
      "tests": [],
      "suites": [
        {
          "uuid": "6c8aa2d4-e70b-420b-98e6-eb934227ce02",
          "title": "empty spec",
          "fullFile": "",
          "file": "",
          "beforeHooks": [],
          "afterHooks": [],
          "tests": [
            {
              "title": "passes",
              "fullTitle": "empty spec passes",
              "timedOut": null,
              "duration": 676,
              "state": "passed",
              "speed": "fast",
              "pass": true,
              "fail": false,
              "pending": false,
              "context": null,
              "code": "cy.visit('https://example.cypress.io');",
              "err": {},
              "uuid": "ecc5a194-df14-48fc-b451-96f1aec7a6c2",
              "parentUUID": "6c8aa2d4-e70b-420b-98e6-eb934227ce02",
              "isHook": false,
              "skipped": false
            }
          ],
          "suites": [],
          "passes": [
            "ecc5a194-df14-48fc-b451-96f1aec7a6c2"
          ],
          "failures": [],
          "pending": [],
          "skipped": [],
          "duration": 676,
          "root": false,
          "rootEmpty": false,
          "_timeout": 2000
        }
      ],
      "passes": [],
      "failures": [],
      "pending": [],
      "skipped": [],
      "duration": 0,
      "root": true,
      "rootEmpty": true,
      "_timeout": 2000
    }
  ],
  "meta": {
    "mocha": {
      "version": "7.0.1"
    },
    "mochawesome": {
      "options": {
        "quiet": false,
        "reportFilename": "mochawesome",
        "saveHtml": false,
        "saveJson": true,
        "consoleReporter": "spec",
        "useInlineDiffs": false,
        "code": true
      },
      "version": "7.1.3"
    },
    "marge": {
      "options": {
        "charts": true,
        "overwrite": false,
        "html": false,
        "json": true,
        "reportDir": "cypress/report"
      },
      "version": "6.2.0"
    }
  }
}