{
  "stats": {
    "suites": 1,
    "tests": 1,
    "passes": 1,
    "pending": 0,
    "failures": 0,
    "start": "2023-01-18T14:02:34.150Z",
    "end": "2023-01-18T14:02:43.725Z",
    "duration": 9575,
    "testsRegistered": 1,
    "passPercent": 100,
    "pendingPercent": 0,
    "other": 0,
    "hasOther": false,
    "skipped": 0,
    "hasSkipped": false
  },
  "results": [
    {
      "uuid": "bcfb2d32-0e8f-4076-a72d-9c81ccd6649c",
      "title": "",
      "fullFile": "cypress\\e2e\\Navigation.cy.js",
      "file": "cypress\\e2e\\Navigation.cy.js",
      "beforeHooks": [],
      "afterHooks": [],
      "tests": [],
      "suites": [
        {
          "uuid": "63040303-3d79-470c-8a96-626dea7d76f6",
          "title": "Navigation Test",
          "fullFile": "",
          "file": "",
          "beforeHooks": [],
          "afterHooks": [],
          "tests": [
            {
              "title": "Go() and Reload()",
              "fullTitle": "Navigation Test Go() and Reload()",
              "timedOut": null,
              "duration": 5918,
              "state": "passed",
              "speed": "medium",
              "pass": true,
              "fail": false,
              "pending": false,
              "context": null,
              "code": "cy.visit(\"https://demo.opencart.com/\");\ncy.title().should('eq', 'Your Store');\ncy.xpath(\"//a[normalize-space()='Cameras']\").click();\ncy.get(\"div[id='content'] h2\").should('have.text', \"Cameras\");\ncy.go('back'); //go back to home\ncy.title().should('eq', 'Your Store');\ncy.go('forward');\ncy.get(\"div[id='content'] h2\").should('have.text', \"Cameras\");\ncy.go(-1); //home\ncy.title().should('eq', 'Your Store');\ncy.go(1);\ncy.get(\"div[id='content'] h2\").should('have.text', \"Cameras\");\ncy.reload();",
              "err": {},
              "uuid": "7915c76d-fc07-475d-a4c6-8170f73dff73",
              "parentUUID": "63040303-3d79-470c-8a96-626dea7d76f6",
              "isHook": false,
              "skipped": false
            }
          ],
          "suites": [],
          "passes": [
            "7915c76d-fc07-475d-a4c6-8170f73dff73"
          ],
          "failures": [],
          "pending": [],
          "skipped": [],
          "duration": 5918,
          "root": false,
          "rootEmpty": false,
          "_timeout": 2000
        }
      ],
      "passes": [],
      "failures": [],
      "pending": [],
      "skipped": [],
      "duration": 0,
      "root": true,
      "rootEmpty": true,
      "_timeout": 2000
    }
  ],
  "meta": {
    "mocha": {
      "version": "7.0.1"
    },
    "mochawesome": {
      "options": {
        "quiet": false,
        "reportFilename": "mochawesome",
        "saveHtml": false,
        "saveJson": true,
        "consoleReporter": "spec",
        "useInlineDiffs": false,
        "code": true
      },
      "version": "7.1.3"
    },
    "marge": {
      "options": {
        "charts": true,
        "overwrite": false,
        "html": false,
        "json": true,
        "reportDir": "cypress/report"
      },
      "version": "6.2.0"
    }
  }
}