{
  "stats": {
    "suites": 1,
    "tests": 1,
    "passes": 1,
    "pending": 0,
    "failures": 0,
    "start": "2023-01-18T13:37:19.382Z",
    "end": "2023-01-18T13:37:20.592Z",
    "duration": 1210,
    "testsRegistered": 1,
    "passPercent": 100,
    "pendingPercent": 0,
    "other": 0,
    "hasOther": false,
    "skipped": 0,
    "hasSkipped": false
  },
  "results": [
    {
      "uuid": "5e67f7eb-bde3-4684-bbfd-0794d8e529a7",
      "title": "",
      "fullFile": "cypress\\e2e\\HooksAndTags.cy.js",
      "file": "cypress\\e2e\\HooksAndTags.cy.js",
      "beforeHooks": [],
      "afterHooks": [],
      "tests": [],
      "suites": [
        {
          "uuid": "7e644bf3-d620-49b2-8898-6dd89c59b3ae",
          "title": "MyTestSuite",
          "fullFile": "",
          "file": "",
          "beforeHooks": [],
          "afterHooks": [],
          "tests": [
            {
              "title": "Listing Products",
              "fullTitle": "MyTestSuite Listing Products",
              "timedOut": null,
              "duration": 1096,
              "state": "passed",
              "speed": "fast",
              "pass": true,
              "fail": false,
              "pending": false,
              "context": null,
              "code": "cy.log(\"******** Listing products ********\");",
              "err": {},
              "uuid": "ab311a98-7d09-45e0-b1c1-382e725fe6d8",
              "parentUUID": "7e644bf3-d620-49b2-8898-6dd89c59b3ae",
              "isHook": false,
              "skipped": false
            }
          ],
          "suites": [],
          "passes": [
            "ab311a98-7d09-45e0-b1c1-382e725fe6d8"
          ],
          "failures": [],
          "pending": [],
          "skipped": [],
          "duration": 1096,
          "root": false,
          "rootEmpty": false,
          "_timeout": 2000
        }
      ],
      "passes": [],
      "failures": [],
      "pending": [],
      "skipped": [],
      "duration": 0,
      "root": true,
      "rootEmpty": true,
      "_timeout": 2000
    }
  ],
  "meta": {
    "mocha": {
      "version": "7.0.1"
    },
    "mochawesome": {
      "options": {
        "quiet": false,
        "reportFilename": "mochawesome",
        "saveHtml": false,
        "saveJson": true,
        "consoleReporter": "spec",
        "useInlineDiffs": false,
        "code": true
      },
      "version": "7.1.3"
    },
    "marge": {
      "options": {
        "charts": true,
        "overwrite": false,
        "html": false,
        "json": true,
        "reportDir": "cypress/report"
      },
      "version": "6.2.0"
    }
  }
}