{
  "stats": {
    "suites": 1,
    "tests": 2,
    "passes": 2,
    "pending": 0,
    "failures": 0,
    "start": "2023-01-16T06:05:39.577Z",
    "end": "2023-01-16T06:05:44.015Z",
    "duration": 4438,
    "testsRegistered": 2,
    "passPercent": 100,
    "pendingPercent": 0,
    "other": 0,
    "hasOther": false,
    "skipped": 0,
    "hasSkipped": false
  },
  "results": [
    {
      "uuid": "35eb506a-ef76-40ff-8fed-16a7be584192",
      "title": "",
      "fullFile": "cypress\\e2e\\Samplespec.cy.js",
      "file": "cypress\\e2e\\Samplespec.cy.js",
      "beforeHooks": [],
      "afterHooks": [],
      "tests": [],
      "suites": [
        {
          "uuid": "5f5bcec7-cca8-41d1-820d-edb1a0729d66",
          "title": "First Test Suite",
          "fullFile": "",
          "file": "",
          "beforeHooks": [],
          "afterHooks": [],
          "tests": [
            {
              "title": "First Test",
              "fullTitle": "First Test Suite First Test",
              "timedOut": null,
              "duration": 629,
              "state": "passed",
              "speed": "fast",
              "pass": true,
              "fail": false,
              "pending": false,
              "context": null,
              "code": "expect(true).to.equal(true);",
              "err": {},
              "uuid": "d4b5e127-d816-4dbd-b6e7-a960e50f7eb2",
              "parentUUID": "5f5bcec7-cca8-41d1-820d-edb1a0729d66",
              "isHook": false,
              "skipped": false
            },
            {
              "title": "Assertion Demo",
              "fullTitle": "First Test Suite Assertion Demo",
              "timedOut": null,
              "duration": 622,
              "state": "passed",
              "speed": "fast",
              "pass": true,
              "fail": false,
              "pending": false,
              "context": null,
              "code": "cy.visit('https://example.cypress.io');",
              "err": {},
              "uuid": "f2a7d1be-4f60-4f89-af35-865317ea9788",
              "parentUUID": "5f5bcec7-cca8-41d1-820d-edb1a0729d66",
              "isHook": false,
              "skipped": false
            }
          ],
          "suites": [],
          "passes": [
            "d4b5e127-d816-4dbd-b6e7-a960e50f7eb2",
            "f2a7d1be-4f60-4f89-af35-865317ea9788"
          ],
          "failures": [],
          "pending": [],
          "skipped": [],
          "duration": 1251,
          "root": false,
          "rootEmpty": false,
          "_timeout": 2000
        }
      ],
      "passes": [],
      "failures": [],
      "pending": [],
      "skipped": [],
      "duration": 0,
      "root": true,
      "rootEmpty": true,
      "_timeout": 2000
    }
  ],
  "meta": {
    "mocha": {
      "version": "7.0.1"
    },
    "mochawesome": {
      "options": {
        "quiet": false,
        "reportFilename": "mochawesome",
        "saveHtml": false,
        "saveJson": true,
        "consoleReporter": "spec",
        "useInlineDiffs": false,
        "code": true
      },
      "version": "7.1.3"
    },
    "marge": {
      "options": {
        "charts": true,
        "overwrite": false,
        "html": false,
        "json": true,
        "reportDir": "cypress/report"
      },
      "version": "6.2.0"
    }
  }
}