{
  "stats": {
    "suites": 0,
    "tests": 2,
    "passes": 2,
    "pending": 0,
    "failures": 0,
    "start": "2023-01-10T16:37:33.096Z",
    "end": "2023-01-10T16:37:39.156Z",
    "duration": 6060,
    "testsRegistered": 2,
    "passPercent": 100,
    "pendingPercent": 0,
    "other": 0,
    "hasOther": false,
    "skipped": 0,
    "hasSkipped": false
  },
  "results": [
    {
      "uuid": "48048959-6425-448e-8897-61de1ced9143",
      "title": "",
      "fullFile": "cypress\\e2e\\filedownloadupload.cy.js",
      "file": "cypress\\e2e\\filedownloadupload.cy.js",
      "beforeHooks": [],
      "afterHooks": [],
      "tests": [
        {
          "title": "File Upload Test",
          "fullTitle": "File Upload Test",
          "timedOut": null,
          "duration": 1508,
          "state": "passed",
          "speed": "fast",
          "pass": true,
          "fail": false,
          "pending": false,
          "context": null,
          "code": "cy.visit('https://trytestingthis.netlify.app/');\ncy.get('#myfile').attachFile('example.json');",
          "err": {},
          "uuid": "b24d5d40-c218-46c8-aad7-c779027713fd",
          "parentUUID": "48048959-6425-448e-8897-61de1ced9143",
          "isHook": false,
          "skipped": false
        },
        {
          "title": "File Download Test",
          "fullTitle": "File Download Test",
          "timedOut": null,
          "duration": 645,
          "state": "passed",
          "speed": "fast",
          "pass": true,
          "fail": false,
          "pending": false,
          "context": null,
          "code": "cy.downloadFile('https://upload.wikimedia.org/wikipedia/en/a/a9/Example.jpg', 'mydownloads', 'example.jpg');",
          "err": {},
          "uuid": "c0ae4465-e3b8-4572-ae0b-3331164dc5ef",
          "parentUUID": "48048959-6425-448e-8897-61de1ced9143",
          "isHook": false,
          "skipped": false
        }
      ],
      "suites": [],
      "passes": [
        "b24d5d40-c218-46c8-aad7-c779027713fd",
        "c0ae4465-e3b8-4572-ae0b-3331164dc5ef"
      ],
      "failures": [],
      "pending": [],
      "skipped": [],
      "duration": 2153,
      "root": true,
      "rootEmpty": false,
      "_timeout": 2000
    }
  ],
  "meta": {
    "mocha": {
      "version": "7.0.1"
    },
    "mochawesome": {
      "options": {
        "quiet": false,
        "reportFilename": "mochawesome",
        "saveHtml": false,
        "saveJson": true,
        "consoleReporter": "spec",
        "useInlineDiffs": false,
        "code": true
      },
      "version": "7.1.3"
    },
    "marge": {
      "options": {
        "charts": true,
        "overwrite": false,
        "html": false,
        "json": true,
        "reportDir": "cypress/report"
      },
      "version": "6.2.0"
    }
  }
}