{
  "stats": {
    "suites": 1,
    "tests": 1,
    "passes": 1,
    "pending": 0,
    "failures": 0,
    "start": "2023-01-18T13:59:30.145Z",
    "end": "2023-01-18T13:59:40.583Z",
    "duration": 10438,
    "testsRegistered": 1,
    "passPercent": 100,
    "pendingPercent": 0,
    "other": 0,
    "hasOther": false,
    "skipped": 0,
    "hasSkipped": false
  },
  "results": [
    {
      "uuid": "7054407e-beb5-414c-9349-7c4e5178c29c",
      "title": "",
      "fullFile": "cypress\\e2e\\CustomCommands.cy.js",
      "file": "cypress\\e2e\\CustomCommands.cy.js",
      "beforeHooks": [],
      "afterHooks": [],
      "tests": [],
      "suites": [
        {
          "uuid": "df87e68a-2c40-4905-aa58-4bbe4adee95f",
          "title": "Custom commands",
          "fullFile": "",
          "file": "",
          "beforeHooks": [],
          "afterHooks": [],
          "tests": [
            {
              "title": "Handling links",
              "fullTitle": "Custom commands Handling links",
              "timedOut": null,
              "duration": 5666,
              "state": "passed",
              "speed": "medium",
              "pass": true,
              "fail": false,
              "pending": false,
              "context": null,
              "code": "cy.visit(\"https://demo.nopcommerce.com/\");\n//using direct path to click\n//cy.get(\"div[class='item-grid'] div:nth-child(2) div:nth-child(1) div:nth-child(2) h2:nth-child(1) a:nth-child(1)\").click()\n//using custom command\ncy.clickLink(\"Apple MacBook Pro 13-inch\");\ncy.get(\"div[class='product-name'] h1\").should('have.text', 'Apple MacBook Pro 13-inch');",
              "err": {},
              "uuid": "c2a7d59f-d427-4bc3-bc44-eed6c0d513a1",
              "parentUUID": "df87e68a-2c40-4905-aa58-4bbe4adee95f",
              "isHook": false,
              "skipped": false
            }
          ],
          "suites": [],
          "passes": [
            "c2a7d59f-d427-4bc3-bc44-eed6c0d513a1"
          ],
          "failures": [],
          "pending": [],
          "skipped": [],
          "duration": 5666,
          "root": false,
          "rootEmpty": false,
          "_timeout": 2000
        }
      ],
      "passes": [],
      "failures": [],
      "pending": [],
      "skipped": [],
      "duration": 0,
      "root": true,
      "rootEmpty": true,
      "_timeout": 2000
    }
  ],
  "meta": {
    "mocha": {
      "version": "7.0.1"
    },
    "mochawesome": {
      "options": {
        "quiet": false,
        "reportFilename": "mochawesome",
        "saveHtml": false,
        "saveJson": true,
        "consoleReporter": "spec",
        "useInlineDiffs": false,
        "code": true
      },
      "version": "7.1.3"
    },
    "marge": {
      "options": {
        "charts": true,
        "overwrite": false,
        "html": false,
        "json": true,
        "reportDir": "cypress/report"
      },
      "version": "6.2.0"
    }
  }
}