{
  "stats": {
    "suites": 1,
    "tests": 1,
    "passes": 1,
    "pending": 0,
    "failures": 0,
    "start": "2023-01-18T13:36:49.566Z",
    "end": "2023-01-18T13:37:09.760Z",
    "duration": 20194,
    "testsRegistered": 1,
    "passPercent": 100,
    "pendingPercent": 0,
    "other": 0,
    "hasOther": false,
    "skipped": 0,
    "hasSkipped": false
  },
  "results": [
    {
      "uuid": "a6e76f36-f2e8-4391-8167-b27858874685",
      "title": "",
      "fullFile": "cypress\\e2e\\HandleAutoSuggestion.cy.js",
      "file": "cypress\\e2e\\HandleAutoSuggestion.cy.js",
      "beforeHooks": [],
      "afterHooks": [],
      "tests": [],
      "suites": [
        {
          "uuid": "656ab898-43f2-4830-b4b1-e769eee98d42",
          "title": "Handle Auto Suggestion",
          "fullFile": "",
          "file": "",
          "beforeHooks": [],
          "afterHooks": [],
          "tests": [
            {
              "title": "Select values from google auto suggestion",
              "fullTitle": "Handle Auto Suggestion Select values from google auto suggestion",
              "timedOut": null,
              "duration": 16236,
              "state": "passed",
              "speed": "slow",
              "pass": true,
              "fail": false,
              "pending": false,
              "context": null,
              "code": "cy.visit(\"https://www.google.com/\");\ncy.get(\"input[name='q']\").type(\"cypress automation\");\ncy.get(\"div[role='option']\").each(function ($ele, index, $list) {\n  if ($ele.text().includes(\"cypress automation tool\")) {\n    cy.wrap($ele).click();\n  } else {\n    cy.log($ele.text());\n  }\n});",
              "err": {},
              "uuid": "a6f53388-f81c-4fb8-b5f3-078a62b739e2",
              "parentUUID": "656ab898-43f2-4830-b4b1-e769eee98d42",
              "isHook": false,
              "skipped": false
            }
          ],
          "suites": [],
          "passes": [
            "a6f53388-f81c-4fb8-b5f3-078a62b739e2"
          ],
          "failures": [],
          "pending": [],
          "skipped": [],
          "duration": 16236,
          "root": false,
          "rootEmpty": false,
          "_timeout": 2000
        }
      ],
      "passes": [],
      "failures": [],
      "pending": [],
      "skipped": [],
      "duration": 0,
      "root": true,
      "rootEmpty": true,
      "_timeout": 2000
    }
  ],
  "meta": {
    "mocha": {
      "version": "7.0.1"
    },
    "mochawesome": {
      "options": {
        "quiet": false,
        "reportFilename": "mochawesome",
        "saveHtml": false,
        "saveJson": true,
        "consoleReporter": "spec",
        "useInlineDiffs": false,
        "code": true
      },
      "version": "7.1.3"
    },
    "marge": {
      "options": {
        "charts": true,
        "overwrite": false,
        "html": false,
        "json": true,
        "reportDir": "cypress/report"
      },
      "version": "6.2.0"
    }
  }
}