{
  "stats": {
    "suites": 1,
    "tests": 1,
    "passes": 1,
    "pending": 0,
    "failures": 0,
    "start": "2023-01-18T13:37:25.438Z",
    "end": "2023-01-18T13:37:34.781Z",
    "duration": 9343,
    "testsRegistered": 1,
    "passPercent": 100,
    "pendingPercent": 0,
    "other": 0,
    "hasOther": false,
    "skipped": 0,
    "hasSkipped": false
  },
  "results": [
    {
      "uuid": "1a3b29ad-9cc5-46d4-95ce-8b8f9c757c37",
      "title": "",
      "fullFile": "cypress\\e2e\\loginmodule.cy.js",
      "file": "cypress\\e2e\\loginmodule.cy.js",
      "beforeHooks": [],
      "afterHooks": [],
      "tests": [],
      "suites": [
        {
          "uuid": "1dcf17dd-2f6b-4607-9029-63166f65d391",
          "title": "All login tests",
          "fullFile": "",
          "file": "",
          "beforeHooks": [],
          "afterHooks": [],
          "tests": [
            {
              "title": "FixturesDemoTest",
              "fullTitle": "All login tests FixturesDemoTest",
              "timedOut": null,
              "duration": 5911,
              "state": "passed",
              "speed": "medium",
              "pass": true,
              "fail": false,
              "pending": false,
              "context": null,
              "code": "loginPage.login(userdata.name, userdata.password);\ncy.get(\".oxd-topbar-header-breadcrumb > .oxd-text\").should('have.text', 'Dashboard');",
              "err": {},
              "uuid": "b853e21e-e655-4b27-938f-7f3a759fa7d2",
              "parentUUID": "1dcf17dd-2f6b-4607-9029-63166f65d391",
              "isHook": false,
              "skipped": false
            }
          ],
          "suites": [],
          "passes": [
            "b853e21e-e655-4b27-938f-7f3a759fa7d2"
          ],
          "failures": [],
          "pending": [],
          "skipped": [],
          "duration": 5911,
          "root": false,
          "rootEmpty": false,
          "_timeout": 2000
        }
      ],
      "passes": [],
      "failures": [],
      "pending": [],
      "skipped": [],
      "duration": 0,
      "root": true,
      "rootEmpty": true,
      "_timeout": 2000
    }
  ],
  "meta": {
    "mocha": {
      "version": "7.0.1"
    },
    "mochawesome": {
      "options": {
        "quiet": false,
        "reportFilename": "mochawesome",
        "saveHtml": false,
        "saveJson": true,
        "consoleReporter": "spec",
        "useInlineDiffs": false,
        "code": true
      },
      "version": "7.1.3"
    },
    "marge": {
      "options": {
        "charts": true,
        "overwrite": false,
        "html": false,
        "json": true,
        "reportDir": "cypress/report"
      },
      "version": "6.2.0"
    }
  }
}