{
  "stats": {
    "suites": 0,
    "tests": 1,
    "passes": 0,
    "pending": 0,
    "failures": 1,
    "start": "2023-01-18T13:40:57.593Z",
    "end": "2023-01-18T13:41:12.763Z",
    "duration": 15170,
    "testsRegistered": 1,
    "passPercent": 0,
    "pendingPercent": 0,
    "other": 0,
    "hasOther": false,
    "skipped": 0,
    "hasSkipped": false
  },
  "results": [
    {
      "uuid": "2caa3397-c108-45f2-acee-27a72b15d803",
      "title": "",
      "fullFile": "cypress\\e2e\\XpathSelector.cy.js",
      "file": "cypress\\e2e\\XpathSelector.cy.js",
      "beforeHooks": [],
      "afterHooks": [],
      "tests": [
        {
          "title": "Login",
          "fullTitle": "Login",
          "timedOut": null,
          "duration": 7820,
          "state": "failed",
          "speed": null,
          "pass": false,
          "fail": true,
          "pending": false,
          "context": null,
          "code": "cy.visit('https://opensource-demo.orangehrmlive.com/web/index.php/auth/login');\ncy.xpath(\"//input[@placeholder='Username']\").type(\"Admin\");\ncy.xpath(\"//input[@name='password']\").type(\"admin123\");\ncy.xpath(\"//button[@type='submit']\").click();",
          "err": {
            "message": "AssertionError: Timed out retrying after 4000ms: Expected to find element: `//input[@placeholder='Username']`, but never found it.",
            "estack": "AssertionError: Timed out retrying after 4000ms: Expected to find element: `//input[@placeholder='Username']`, but never found it.\n    at Context.eval (webpack:///./cypress/e2e/XpathSelector.cy.js:7:7)",
            "diff": null
          },
          "uuid": "7fd0d3a2-641f-4af2-b42a-9fa1b8ee9ae0",
          "parentUUID": "2caa3397-c108-45f2-acee-27a72b15d803",
          "isHook": false,
          "skipped": false
        }
      ],
      "suites": [],
      "passes": [],
      "failures": [
        "7fd0d3a2-641f-4af2-b42a-9fa1b8ee9ae0"
      ],
      "pending": [],
      "skipped": [],
      "duration": 7820,
      "root": true,
      "rootEmpty": false,
      "_timeout": 2000
    }
  ],
  "meta": {
    "mocha": {
      "version": "7.0.1"
    },
    "mochawesome": {
      "options": {
        "quiet": false,
        "reportFilename": "mochawesome",
        "saveHtml": false,
        "saveJson": true,
        "consoleReporter": "spec",
        "useInlineDiffs": false,
        "code": true
      },
      "version": "7.1.3"
    },
    "marge": {
      "options": {
        "charts": true,
        "overwrite": false,
        "html": false,
        "json": true,
        "reportDir": "cypress/report"
      },
      "version": "6.2.0"
    }
  }
}