{
  "stats": {
    "suites": 0,
    "tests": 1,
    "passes": 1,
    "pending": 0,
    "failures": 0,
    "start": "2023-01-16T06:05:59.509Z",
    "end": "2023-01-16T06:06:11.611Z",
    "duration": 12102,
    "testsRegistered": 1,
    "passPercent": 100,
    "pendingPercent": 0,
    "other": 0,
    "hasOther": false,
    "skipped": 0,
    "hasSkipped": false
  },
  "results": [
    {
      "uuid": "9daedb70-49ea-4f3e-b30c-d5233dffc35f",
      "title": "",
      "fullFile": "cypress\\e2e\\XpathSelector.cy.js",
      "file": "cypress\\e2e\\XpathSelector.cy.js",
      "beforeHooks": [],
      "afterHooks": [],
      "tests": [
        {
          "title": "Login",
          "fullTitle": "Login",
          "timedOut": null,
          "duration": 8119,
          "state": "passed",
          "speed": "medium",
          "pass": true,
          "fail": false,
          "pending": false,
          "context": null,
          "code": "cy.visit('https://opensource-demo.orangehrmlive.com/web/index.php/auth/login');\ncy.xpath(\"//input[@placeholder='Username']\").type(\"Admin\");\ncy.xpath(\"//input[@name='password']\").type(\"admin123\");\ncy.xpath(\"//button[@type='submit']\").click();",
          "err": {},
          "uuid": "25044b50-808a-4b53-bbb8-a28231c8a528",
          "parentUUID": "9daedb70-49ea-4f3e-b30c-d5233dffc35f",
          "isHook": false,
          "skipped": false
        }
      ],
      "suites": [],
      "passes": [
        "25044b50-808a-4b53-bbb8-a28231c8a528"
      ],
      "failures": [],
      "pending": [],
      "skipped": [],
      "duration": 8119,
      "root": true,
      "rootEmpty": false,
      "_timeout": 2000
    }
  ],
  "meta": {
    "mocha": {
      "version": "7.0.1"
    },
    "mochawesome": {
      "options": {
        "quiet": false,
        "reportFilename": "mochawesome",
        "saveHtml": false,
        "saveJson": true,
        "consoleReporter": "spec",
        "useInlineDiffs": false,
        "code": true
      },
      "version": "7.1.3"
    },
    "marge": {
      "options": {
        "charts": true,
        "overwrite": false,
        "html": false,
        "json": true,
        "reportDir": "cypress/report"
      },
      "version": "6.2.0"
    }
  }
}