{
  "stats": {
    "suites": 1,
    "tests": 1,
    "passes": 1,
    "pending": 0,
    "failures": 0,
    "start": "2023-01-18T14:04:54.234Z",
    "end": "2023-01-18T14:05:06.071Z",
    "duration": 11837,
    "testsRegistered": 1,
    "passPercent": 100,
    "pendingPercent": 0,
    "other": 0,
    "hasOther": false,
    "skipped": 0,
    "hasSkipped": false
  },
  "results": [
    {
      "uuid": "35ef41c9-2729-4e65-952f-6632c7e58882",
      "title": "",
      "fullFile": "cypress\\e2e\\Tabs.cy.js",
      "file": "cypress\\e2e\\Tabs.cy.js",
      "beforeHooks": [],
      "afterHooks": [],
      "tests": [],
      "suites": [
        {
          "uuid": "28317434-ba54-400d-8675-7e2ba2b828e9",
          "title": "Handle tabs",
          "fullFile": "",
          "file": "",
          "beforeHooks": [],
          "afterHooks": [],
          "tests": [
            {
              "title": "Approach 2 - capture url",
              "fullTitle": "Handle tabs Approach 2 - capture url",
              "timedOut": null,
              "duration": 7250,
              "state": "passed",
              "speed": "medium",
              "pass": true,
              "fail": false,
              "pending": false,
              "context": null,
              "code": "cy.visit('https://the-internet.herokuapp.com/windows');\ncy.get('.example > a').then(e => {\n  let url = e.prop('href');\n  cy.visit(url);\n});\ncy.url().should('include', 'https://the-internet.herokuapp.com/windows/new');\ncy.wait(3000);\n//back to parent url/tab\ncy.go('back');",
              "err": {},
              "uuid": "72ca8eee-baed-4f83-98a8-0d101dd1519c",
              "parentUUID": "28317434-ba54-400d-8675-7e2ba2b828e9",
              "isHook": false,
              "skipped": false
            }
          ],
          "suites": [],
          "passes": [
            "72ca8eee-baed-4f83-98a8-0d101dd1519c"
          ],
          "failures": [],
          "pending": [],
          "skipped": [],
          "duration": 7250,
          "root": false,
          "rootEmpty": false,
          "_timeout": 2000
        }
      ],
      "passes": [],
      "failures": [],
      "pending": [],
      "skipped": [],
      "duration": 0,
      "root": true,
      "rootEmpty": true,
      "_timeout": 2000
    }
  ],
  "meta": {
    "mocha": {
      "version": "7.0.1"
    },
    "mochawesome": {
      "options": {
        "quiet": false,
        "reportFilename": "mochawesome",
        "saveHtml": false,
        "saveJson": true,
        "consoleReporter": "spec",
        "useInlineDiffs": false,
        "code": true
      },
      "version": "7.1.3"
    },
    "marge": {
      "options": {
        "charts": true,
        "overwrite": false,
        "html": false,
        "json": true,
        "reportDir": "cypress/report"
      },
      "version": "6.2.0"
    }
  }
}