{
  "stats": {
    "suites": 1,
    "tests": 2,
    "passes": 1,
    "pending": 0,
    "failures": 1,
    "start": "2023-01-16T06:04:45.230Z",
    "end": "2023-01-16T06:05:07.254Z",
    "duration": 22024,
    "testsRegistered": 2,
    "passPercent": 50,
    "pendingPercent": 0,
    "other": 0,
    "hasOther": false,
    "skipped": 0,
    "hasSkipped": false
  },
  "results": [
    {
      "uuid": "c488c26b-d844-41da-87db-9acdb5f9b77e",
      "title": "",
      "fullFile": "cypress\\e2e\\pomdemo.cy.js",
      "file": "cypress\\e2e\\pomdemo.cy.js",
      "beforeHooks": [],
      "afterHooks": [],
      "tests": [],
      "suites": [
        {
          "uuid": "69554ef7-3b99-4296-99ae-3624c7871f40",
          "title": "All login tests",
          "fullFile": "",
          "file": "",
          "beforeHooks": [],
          "afterHooks": [],
          "tests": [
            {
              "title": "Login with valid credentails",
              "fullTitle": "All login tests Login with valid credentails",
              "timedOut": null,
              "duration": 9936,
              "state": "passed",
              "speed": "medium",
              "pass": true,
              "fail": false,
              "pending": false,
              "context": null,
              "code": "loginPage.login('Admin', 'admin123');",
              "err": {},
              "uuid": "65788c77-844e-490a-8064-bb98a2d53608",
              "parentUUID": "69554ef7-3b99-4296-99ae-3624c7871f40",
              "isHook": false,
              "skipped": false
            },
            {
              "title": "Login with invalid username",
              "fullTitle": "All login tests Login with invalid username",
              "timedOut": null,
              "duration": 8403,
              "state": "failed",
              "speed": null,
              "pass": false,
              "fail": true,
              "pending": false,
              "context": null,
              "code": "loginPage.login('Admin123', 'admin123');",
              "err": {
                "message": "AssertionError: Timed out retrying after 4000ms: Expected to find content: 'My Info' but never did.",
                "estack": "AssertionError: Timed out retrying after 4000ms: Expected to find content: 'My Info' but never did.\n    at LoginPage.login (webpack:///./cypress/e2e/pages/login_page.js:15:11)\n    at Context.eval (webpack:///./cypress/e2e/pomdemo.cy.js:37:18)",
                "diff": null
              },
              "uuid": "cdfb1c4d-2f7a-4641-922f-28b4e3f5110c",
              "parentUUID": "69554ef7-3b99-4296-99ae-3624c7871f40",
              "isHook": false,
              "skipped": false
            }
          ],
          "suites": [],
          "passes": [
            "65788c77-844e-490a-8064-bb98a2d53608"
          ],
          "failures": [
            "cdfb1c4d-2f7a-4641-922f-28b4e3f5110c"
          ],
          "pending": [],
          "skipped": [],
          "duration": 18339,
          "root": false,
          "rootEmpty": false,
          "_timeout": 2000
        }
      ],
      "passes": [],
      "failures": [],
      "pending": [],
      "skipped": [],
      "duration": 0,
      "root": true,
      "rootEmpty": true,
      "_timeout": 2000
    }
  ],
  "meta": {
    "mocha": {
      "version": "7.0.1"
    },
    "mochawesome": {
      "options": {
        "quiet": false,
        "reportFilename": "mochawesome",
        "saveHtml": false,
        "saveJson": true,
        "consoleReporter": "spec",
        "useInlineDiffs": false,
        "code": true
      },
      "version": "7.1.3"
    },
    "marge": {
      "options": {
        "charts": true,
        "overwrite": false,
        "html": false,
        "json": true,
        "reportDir": "cypress/report"
      },
      "version": "6.2.0"
    }
  }
}