{
  "stats": {
    "suites": 1,
    "tests": 1,
    "passes": 0,
    "pending": 0,
    "failures": 1,
    "start": "2023-01-18T13:48:33.955Z",
    "end": "2023-01-18T13:48:46.589Z",
    "duration": 12634,
    "testsRegistered": 1,
    "passPercent": 0,
    "pendingPercent": 0,
    "other": 0,
    "hasOther": false,
    "skipped": 0,
    "hasSkipped": false
  },
  "results": [
    {
      "uuid": "f874c05a-412a-4695-805e-6c583f9bd843",
      "title": "",
      "fullFile": "cypress\\e2e\\CustomCommands.cy.js",
      "file": "cypress\\e2e\\CustomCommands.cy.js",
      "beforeHooks": [],
      "afterHooks": [],
      "tests": [],
      "suites": [
        {
          "uuid": "a997a32b-9c7d-4688-9ddd-2b6373c09b5d",
          "title": "Custom commands",
          "fullFile": "",
          "file": "",
          "beforeHooks": [],
          "afterHooks": [],
          "tests": [
            {
              "title": "Login command",
              "fullTitle": "Custom commands Login command",
              "timedOut": null,
              "duration": 8951,
              "state": "failed",
              "speed": null,
              "pass": false,
              "fail": true,
              "pending": false,
              "context": null,
              "code": "cy.visit(\"https://demo.nopcommerce.com/\");\ncy.clickLink(\"Log in\");\ncy.loginapp(\"cypress@gmail.com\", \"Cypress@123\");\ncy.get('.ico-account').should('have.text', 'My account');",
              "err": {
                "message": "AssertionError: Timed out retrying after 4000ms: Expected to find element: `.ico-account`, but never found it.",
                "estack": "AssertionError: Timed out retrying after 4000ms: Expected to find element: `.ico-account`, but never found it.\n    at Context.eval (webpack:///./cypress/e2e/CustomCommands.cy.js:35:31)",
                "diff": null
              },
              "uuid": "8fdda2d4-c139-42b5-bc8d-698dbe432130",
              "parentUUID": "a997a32b-9c7d-4688-9ddd-2b6373c09b5d",
              "isHook": false,
              "skipped": false
            }
          ],
          "suites": [],
          "passes": [],
          "failures": [
            "8fdda2d4-c139-42b5-bc8d-698dbe432130"
          ],
          "pending": [],
          "skipped": [],
          "duration": 8951,
          "root": false,
          "rootEmpty": false,
          "_timeout": 2000
        }
      ],
      "passes": [],
      "failures": [],
      "pending": [],
      "skipped": [],
      "duration": 0,
      "root": true,
      "rootEmpty": true,
      "_timeout": 2000
    }
  ],
  "meta": {
    "mocha": {
      "version": "7.0.1"
    },
    "mochawesome": {
      "options": {
        "quiet": false,
        "reportFilename": "mochawesome",
        "saveHtml": false,
        "saveJson": true,
        "consoleReporter": "spec",
        "useInlineDiffs": false,
        "code": true
      },
      "version": "7.1.3"
    },
    "marge": {
      "options": {
        "charts": true,
        "overwrite": false,
        "html": false,
        "json": true,
        "reportDir": "cypress/report"
      },
      "version": "6.2.0"
    }
  }
}