{
  "stats": {
    "suites": 1,
    "tests": 1,
    "passes": 1,
    "pending": 0,
    "failures": 0,
    "start": "2023-01-18T13:39:50.034Z",
    "end": "2023-01-18T13:40:21.363Z",
    "duration": 31329,
    "testsRegistered": 1,
    "passPercent": 100,
    "pendingPercent": 0,
    "other": 0,
    "hasOther": false,
    "skipped": 0,
    "hasSkipped": false
  },
  "results": [
    {
      "uuid": "bbbafbee-db83-43b5-83c1-513ff6745868",
      "title": "",
      "fullFile": "cypress\\e2e\\Table.cy.js",
      "file": "cypress\\e2e\\Table.cy.js",
      "beforeHooks": [],
      "afterHooks": [],
      "tests": [],
      "suites": [
        {
          "uuid": "fe7bf68d-e972-439f-8ca4-1a52ca64b36b",
          "title": "Handle Tables",
          "fullFile": "",
          "file": "",
          "beforeHooks": [],
          "afterHooks": [],
          "tests": [
            {
              "title": "Pagination",
              "fullTitle": "Handle Tables Pagination",
              "timedOut": null,
              "duration": 25734,
              "state": "passed",
              "speed": "slow",
              "pass": true,
              "fail": false,
              "pending": false,
              "context": null,
              "code": "//Total Number of pages\n// let totalPages\n// cy.get(\".col-sm-6.text-end\").then( (e) => {\n//     let paginationValue = e.text()\n//     totalPages = paginationValue.substring(paginationValue.indexOf(\"(\") +1, paginationValue.indexOf(\"Pages\")-1)\n//     cy.log(\"Total number of pages \" +totalPages)\n// })\nlet totalPages = 5;\nfor (let p = 1; p <= totalPages; p++) {\n  if (totalPages > 1) {\n    cy.log(\"Active page is \" + p);\n    cy.get(\"ul[class='pagination']>li>a\").each(($el, index, $list) => {\n      if ($el.text() == p) {\n        cy.wrap($el).click();\n        cy.wait(1000);\n      }\n    });\n    cy.get(\"table[class='table table-bordered table-hover']>tbody>tr\").each(($row, index, $rows) => {\n      cy.wrap($row).within(() => {\n        cy.get('td:nth-child(3)').then(e => {\n          cy.log(e.text());\n        });\n      });\n    });\n  }\n}",
              "err": {},
              "uuid": "685963f2-1411-4435-af54-98c5307eefb3",
              "parentUUID": "fe7bf68d-e972-439f-8ca4-1a52ca64b36b",
              "isHook": false,
              "skipped": false
            }
          ],
          "suites": [],
          "passes": [
            "685963f2-1411-4435-af54-98c5307eefb3"
          ],
          "failures": [],
          "pending": [],
          "skipped": [],
          "duration": 25734,
          "root": false,
          "rootEmpty": false,
          "_timeout": 2000
        }
      ],
      "passes": [],
      "failures": [],
      "pending": [],
      "skipped": [],
      "duration": 0,
      "root": true,
      "rootEmpty": true,
      "_timeout": 2000
    }
  ],
  "meta": {
    "mocha": {
      "version": "7.0.1"
    },
    "mochawesome": {
      "options": {
        "quiet": false,
        "reportFilename": "mochawesome",
        "saveHtml": false,
        "saveJson": true,
        "consoleReporter": "spec",
        "useInlineDiffs": false,
        "code": true
      },
      "version": "7.1.3"
    },
    "marge": {
      "options": {
        "charts": true,
        "overwrite": false,
        "html": false,
        "json": true,
        "reportDir": "cypress/report"
      },
      "version": "6.2.0"
    }
  }
}