{
  "stats": {
    "suites": 0,
    "tests": 2,
    "passes": 2,
    "pending": 0,
    "failures": 0,
    "start": "2023-01-16T06:03:56.046Z",
    "end": "2023-01-16T06:04:00.725Z",
    "duration": 4679,
    "testsRegistered": 2,
    "passPercent": 100,
    "pendingPercent": 0,
    "other": 0,
    "hasOther": false,
    "skipped": 0,
    "hasSkipped": false
  },
  "results": [
    {
      "uuid": "4d3cf40b-c1b7-49a5-b6e4-4e36461eed26",
      "title": "",
      "fullFile": "cypress\\e2e\\filedownloadupload.cy.js",
      "file": "cypress\\e2e\\filedownloadupload.cy.js",
      "beforeHooks": [],
      "afterHooks": [],
      "tests": [
        {
          "title": "File Upload Test",
          "fullTitle": "File Upload Test",
          "timedOut": null,
          "duration": 584,
          "state": "passed",
          "speed": "fast",
          "pass": true,
          "fail": false,
          "pending": false,
          "context": null,
          "code": "cy.visit('https://trytestingthis.netlify.app/');\ncy.get('#myfile').attachFile('example.json');",
          "err": {},
          "uuid": "73068ef0-6760-44d2-911c-5147dd31da7e",
          "parentUUID": "4d3cf40b-c1b7-49a5-b6e4-4e36461eed26",
          "isHook": false,
          "skipped": false
        },
        {
          "title": "File Download Test",
          "fullTitle": "File Download Test",
          "timedOut": null,
          "duration": 532,
          "state": "passed",
          "speed": "fast",
          "pass": true,
          "fail": false,
          "pending": false,
          "context": null,
          "code": "cy.downloadFile('https://upload.wikimedia.org/wikipedia/en/a/a9/Example.jpg', 'mydownloads', 'example.jpg');",
          "err": {},
          "uuid": "8d577e31-6cc0-4ab2-856c-b63f3604bea7",
          "parentUUID": "4d3cf40b-c1b7-49a5-b6e4-4e36461eed26",
          "isHook": false,
          "skipped": false
        }
      ],
      "suites": [],
      "passes": [
        "73068ef0-6760-44d2-911c-5147dd31da7e",
        "8d577e31-6cc0-4ab2-856c-b63f3604bea7"
      ],
      "failures": [],
      "pending": [],
      "skipped": [],
      "duration": 1116,
      "root": true,
      "rootEmpty": false,
      "_timeout": 2000
    }
  ],
  "meta": {
    "mocha": {
      "version": "7.0.1"
    },
    "mochawesome": {
      "options": {
        "quiet": false,
        "reportFilename": "mochawesome",
        "saveHtml": false,
        "saveJson": true,
        "consoleReporter": "spec",
        "useInlineDiffs": false,
        "code": true
      },
      "version": "7.1.3"
    },
    "marge": {
      "options": {
        "charts": true,
        "overwrite": false,
        "html": false,
        "json": true,
        "reportDir": "cypress/report"
      },
      "version": "6.2.0"
    }
  }
}