{
  "stats": {
    "suites": 1,
    "tests": 1,
    "passes": 0,
    "pending": 0,
    "failures": 1,
    "start": "2023-01-18T13:35:37.229Z",
    "end": "2023-01-18T13:35:49.858Z",
    "duration": 12629,
    "testsRegistered": 1,
    "passPercent": 0,
    "pendingPercent": 0,
    "other": 0,
    "hasOther": false,
    "skipped": 0,
    "hasSkipped": false
  },
  "results": [
    {
      "uuid": "50d25a1e-db3b-4781-aeaa-7d32ae495ac1",
      "title": "",
      "fullFile": "cypress\\e2e\\DataDrivenTest.cy.js",
      "file": "cypress\\e2e\\DataDrivenTest.cy.js",
      "beforeHooks": [],
      "afterHooks": [],
      "tests": [],
      "suites": [
        {
          "uuid": "f976c4bc-d674-4230-9022-0c7fd978eb09",
          "title": "My Test Suite",
          "fullFile": "",
          "file": "",
          "beforeHooks": [],
          "afterHooks": [],
          "tests": [
            {
              "title": "DataDrivenTest",
              "fullTitle": "My Test Suite DataDrivenTest",
              "timedOut": null,
              "duration": 7625,
              "state": "failed",
              "speed": null,
              "pass": false,
              "fail": true,
              "pending": false,
              "context": null,
              "code": "cy.fixture(\"orangehrm\").then(data => {\n  cy.visit(\"https://opensource-demo.orangehrmlive.com/web/index.php/auth/login\");\n  data.forEach(userdata => {\n    cy.get(\"input[placeholder='Username']\").type(userdata.name);\n    cy.get(\"input[placeholder='Password']\").type(userdata.password);\n    cy.get(\"button[type='submit']\").click();\n    if (userdata.name == 'Admin' && userdata.password == 'admin123') {\n      cy.get(\".oxd-topbar-header-breadcrumb > .oxd-text\").should('have.text', userdata.expected);\n      cy.get(\".oxd-userdropdown-tab > .oxd-icon\").click();\n      cy.contains('Logout').click();\n    } else {\n      cy.get(\".oxd-alert-content > .oxd-text\").should(\"have.text\", userdata.expected);\n    }\n  });\n});",
              "err": {
                "message": "AssertionError: Timed out retrying after 4000ms: Expected to find element: `input[placeholder='Username']`, but never found it.",
                "estack": "AssertionError: Timed out retrying after 4000ms: Expected to find element: `input[placeholder='Username']`, but never found it.\n    at eval (webpack:///./cypress/e2e/DataDrivenTest.cy.js:11:19)\n    at Context.eval (webpack:///./cypress/e2e/DataDrivenTest.cy.js:10:17)",
                "diff": null
              },
              "uuid": "df8995fe-f39b-4572-adf8-48628c77caf1",
              "parentUUID": "f976c4bc-d674-4230-9022-0c7fd978eb09",
              "isHook": false,
              "skipped": false
            }
          ],
          "suites": [],
          "passes": [],
          "failures": [
            "df8995fe-f39b-4572-adf8-48628c77caf1"
          ],
          "pending": [],
          "skipped": [],
          "duration": 7625,
          "root": false,
          "rootEmpty": false,
          "_timeout": 2000
        }
      ],
      "passes": [],
      "failures": [],
      "pending": [],
      "skipped": [],
      "duration": 0,
      "root": true,
      "rootEmpty": true,
      "_timeout": 2000
    }
  ],
  "meta": {
    "mocha": {
      "version": "7.0.1"
    },
    "mochawesome": {
      "options": {
        "quiet": false,
        "reportFilename": "mochawesome",
        "saveHtml": false,
        "saveJson": true,
        "consoleReporter": "spec",
        "useInlineDiffs": false,
        "code": true
      },
      "version": "7.1.3"
    },
    "marge": {
      "options": {
        "charts": true,
        "overwrite": false,
        "html": false,
        "json": true,
        "reportDir": "cypress/report"
      },
      "version": "6.2.0"
    }
  }
}