{
  "stats": {
    "suites": 1,
    "tests": 2,
    "passes": 2,
    "pending": 0,
    "failures": 0,
    "start": "2023-01-18T14:03:59.526Z",
    "end": "2023-01-18T14:04:04.950Z",
    "duration": 5424,
    "testsRegistered": 2,
    "passPercent": 100,
    "pendingPercent": 0,
    "other": 0,
    "hasOther": false,
    "skipped": 0,
    "hasSkipped": false
  },
  "results": [
    {
      "uuid": "87fb25f2-9da8-4ec5-b014-8491d50a8478",
      "title": "",
      "fullFile": "cypress\\e2e\\Samplespec.cy.js",
      "file": "cypress\\e2e\\Samplespec.cy.js",
      "beforeHooks": [],
      "afterHooks": [],
      "tests": [],
      "suites": [
        {
          "uuid": "9530a3f6-2348-4cd9-b895-e507d01c2199",
          "title": "First Test Suite",
          "fullFile": "",
          "file": "",
          "beforeHooks": [],
          "afterHooks": [],
          "tests": [
            {
              "title": "First Test",
              "fullTitle": "First Test Suite First Test",
              "timedOut": null,
              "duration": 1304,
              "state": "passed",
              "speed": "fast",
              "pass": true,
              "fail": false,
              "pending": false,
              "context": null,
              "code": "expect(true).to.equal(true);",
              "err": {},
              "uuid": "49cc19fd-ba39-494a-9dad-fd6cb8a50b8d",
              "parentUUID": "9530a3f6-2348-4cd9-b895-e507d01c2199",
              "isHook": false,
              "skipped": false
            },
            {
              "title": "Assertion Demo",
              "fullTitle": "First Test Suite Assertion Demo",
              "timedOut": null,
              "duration": 747,
              "state": "passed",
              "speed": "fast",
              "pass": true,
              "fail": false,
              "pending": false,
              "context": null,
              "code": "cy.visit('https://example.cypress.io');",
              "err": {},
              "uuid": "2f881f22-7cfb-4dea-b1fe-bef039eed709",
              "parentUUID": "9530a3f6-2348-4cd9-b895-e507d01c2199",
              "isHook": false,
              "skipped": false
            }
          ],
          "suites": [],
          "passes": [
            "49cc19fd-ba39-494a-9dad-fd6cb8a50b8d",
            "2f881f22-7cfb-4dea-b1fe-bef039eed709"
          ],
          "failures": [],
          "pending": [],
          "skipped": [],
          "duration": 2051,
          "root": false,
          "rootEmpty": false,
          "_timeout": 2000
        }
      ],
      "passes": [],
      "failures": [],
      "pending": [],
      "skipped": [],
      "duration": 0,
      "root": true,
      "rootEmpty": true,
      "_timeout": 2000
    }
  ],
  "meta": {
    "mocha": {
      "version": "7.0.1"
    },
    "mochawesome": {
      "options": {
        "quiet": false,
        "reportFilename": "mochawesome",
        "saveHtml": false,
        "saveJson": true,
        "consoleReporter": "spec",
        "useInlineDiffs": false,
        "code": true
      },
      "version": "7.1.3"
    },
    "marge": {
      "options": {
        "charts": true,
        "overwrite": false,
        "html": false,
        "json": true,
        "reportDir": "cypress/report"
      },
      "version": "6.2.0"
    }
  }
}