{
  "stats": {
    "suites": 1,
    "tests": 2,
    "passes": 1,
    "pending": 0,
    "failures": 1,
    "start": "2023-01-18T13:38:22.625Z",
    "end": "2023-01-18T13:38:39.539Z",
    "duration": 16914,
    "testsRegistered": 2,
    "passPercent": 50,
    "pendingPercent": 0,
    "other": 0,
    "hasOther": false,
    "skipped": 0,
    "hasSkipped": false
  },
  "results": [
    {
      "uuid": "9188def7-f8c7-432c-9fc3-f51043cc80a2",
      "title": "",
      "fullFile": "cypress\\e2e\\pomdemo.cy.js",
      "file": "cypress\\e2e\\pomdemo.cy.js",
      "beforeHooks": [],
      "afterHooks": [],
      "tests": [],
      "suites": [
        {
          "uuid": "5b014718-c323-4fe3-a9be-ce99c8be4b38",
          "title": "All login tests",
          "fullFile": "",
          "file": "",
          "beforeHooks": [],
          "afterHooks": [],
          "tests": [
            {
              "title": "Login with valid credentails",
              "fullTitle": "All login tests Login with valid credentails",
              "timedOut": null,
              "duration": 5877,
              "state": "passed",
              "speed": "medium",
              "pass": true,
              "fail": false,
              "pending": false,
              "context": null,
              "code": "loginPage.login('Admin', 'admin123');",
              "err": {},
              "uuid": "1fe63a7f-b0f8-437d-b778-29b53a79927c",
              "parentUUID": "5b014718-c323-4fe3-a9be-ce99c8be4b38",
              "isHook": false,
              "skipped": false
            },
            {
              "title": "Login with invalid username",
              "fullTitle": "All login tests Login with invalid username",
              "timedOut": null,
              "duration": 7522,
              "state": "failed",
              "speed": null,
              "pass": false,
              "fail": true,
              "pending": false,
              "context": null,
              "code": "loginPage.login('Admin123', 'admin123');",
              "err": {
                "message": "AssertionError: Timed out retrying after 4000ms: Expected to find content: 'My Info' but never did.",
                "estack": "AssertionError: Timed out retrying after 4000ms: Expected to find content: 'My Info' but never did.\n    at LoginPage.login (webpack:///./cypress/e2e/pages/login_page.js:15:11)\n    at Context.eval (webpack:///./cypress/e2e/pomdemo.cy.js:37:18)",
                "diff": null
              },
              "uuid": "98663b1d-1326-4d08-918c-d07059bad10c",
              "parentUUID": "5b014718-c323-4fe3-a9be-ce99c8be4b38",
              "isHook": false,
              "skipped": false
            }
          ],
          "suites": [],
          "passes": [
            "1fe63a7f-b0f8-437d-b778-29b53a79927c"
          ],
          "failures": [
            "98663b1d-1326-4d08-918c-d07059bad10c"
          ],
          "pending": [],
          "skipped": [],
          "duration": 13399,
          "root": false,
          "rootEmpty": false,
          "_timeout": 2000
        }
      ],
      "passes": [],
      "failures": [],
      "pending": [],
      "skipped": [],
      "duration": 0,
      "root": true,
      "rootEmpty": true,
      "_timeout": 2000
    }
  ],
  "meta": {
    "mocha": {
      "version": "7.0.1"
    },
    "mochawesome": {
      "options": {
        "quiet": false,
        "reportFilename": "mochawesome",
        "saveHtml": false,
        "saveJson": true,
        "consoleReporter": "spec",
        "useInlineDiffs": false,
        "code": true
      },
      "version": "7.1.3"
    },
    "marge": {
      "options": {
        "charts": true,
        "overwrite": false,
        "html": false,
        "json": true,
        "reportDir": "cypress/report"
      },
      "version": "6.2.0"
    }
  }
}