{
  "stats": {
    "suites": 1,
    "tests": 1,
    "passes": 1,
    "pending": 0,
    "failures": 0,
    "start": "2023-01-16T06:04:06.336Z",
    "end": "2023-01-16T06:04:14.336Z",
    "duration": 8000,
    "testsRegistered": 1,
    "passPercent": 100,
    "pendingPercent": 0,
    "other": 0,
    "hasOther": false,
    "skipped": 0,
    "hasSkipped": false
  },
  "results": [
    {
      "uuid": "82e46190-a971-4b8c-92aa-2628b090c9c6",
      "title": "",
      "fullFile": "cypress\\e2e\\HandleAutoSuggestion.cy.js",
      "file": "cypress\\e2e\\HandleAutoSuggestion.cy.js",
      "beforeHooks": [],
      "afterHooks": [],
      "tests": [],
      "suites": [
        {
          "uuid": "626be995-19a1-4d35-9c9b-14c45865f329",
          "title": "Handle Auto Suggestion",
          "fullFile": "",
          "file": "",
          "beforeHooks": [],
          "afterHooks": [],
          "tests": [
            {
              "title": "Select values from google auto suggestion",
              "fullTitle": "Handle Auto Suggestion Select values from google auto suggestion",
              "timedOut": null,
              "duration": 4630,
              "state": "passed",
              "speed": "fast",
              "pass": true,
              "fail": false,
              "pending": false,
              "context": null,
              "code": "cy.visit(\"https://www.google.com/\");\ncy.get(\"input[name='q']\").type(\"cypress automation\");\ncy.get(\"div[role='option']\").each(function ($ele, index, $list) {\n  if ($ele.text().includes(\"cypress automation tool\")) {\n    cy.wrap($ele).click();\n  } else {\n    cy.log($ele.text());\n  }\n});",
              "err": {},
              "uuid": "1dca4418-9002-4d32-8b93-823e31269098",
              "parentUUID": "626be995-19a1-4d35-9c9b-14c45865f329",
              "isHook": false,
              "skipped": false
            }
          ],
          "suites": [],
          "passes": [
            "1dca4418-9002-4d32-8b93-823e31269098"
          ],
          "failures": [],
          "pending": [],
          "skipped": [],
          "duration": 4630,
          "root": false,
          "rootEmpty": false,
          "_timeout": 2000
        }
      ],
      "passes": [],
      "failures": [],
      "pending": [],
      "skipped": [],
      "duration": 0,
      "root": true,
      "rootEmpty": true,
      "_timeout": 2000
    }
  ],
  "meta": {
    "mocha": {
      "version": "7.0.1"
    },
    "mochawesome": {
      "options": {
        "quiet": false,
        "reportFilename": "mochawesome",
        "saveHtml": false,
        "saveJson": true,
        "consoleReporter": "spec",
        "useInlineDiffs": false,
        "code": true
      },
      "version": "7.1.3"
    },
    "marge": {
      "options": {
        "charts": true,
        "overwrite": false,
        "html": false,
        "json": true,
        "reportDir": "cypress/report"
      },
      "version": "6.2.0"
    }
  }
}