{
  "stats": {
    "suites": 1,
    "tests": 1,
    "passes": 1,
    "pending": 0,
    "failures": 0,
    "start": "2023-01-18T13:36:10.662Z",
    "end": "2023-01-18T13:36:23.843Z",
    "duration": 13181,
    "testsRegistered": 1,
    "passPercent": 100,
    "pendingPercent": 0,
    "other": 0,
    "hasOther": false,
    "skipped": 0,
    "hasSkipped": false
  },
  "results": [
    {
      "uuid": "87683721-0a50-43bf-bec3-41ec5d213917",
      "title": "",
      "fullFile": "cypress\\e2e\\FileUpload.cy.js",
      "file": "cypress\\e2e\\FileUpload.cy.js",
      "beforeHooks": [],
      "afterHooks": [],
      "tests": [],
      "suites": [
        {
          "uuid": "0f90f32a-5e1f-439e-b629-81147de8ad28",
          "title": "File Uploads",
          "fullFile": "",
          "file": "",
          "beforeHooks": [],
          "afterHooks": [],
          "tests": [
            {
              "title": "File Upload - Shadow Dom",
              "fullTitle": "File Uploads File Upload - Shadow Dom",
              "timedOut": null,
              "duration": 9018,
              "state": "passed",
              "speed": "medium",
              "pass": true,
              "fail": false,
              "pending": false,
              "context": null,
              "code": "cy.visit(\"https://www.htmlelements.com/demos/fileupload/shadow-dom/index.htm\");\ncy.get('.smart-browse-input', {\n  includeShadowDom: true\n}).attachFile(\"example.json\");\ncy.wait(3000);\ncy.get('.smart-item-name', {\n  includeShadowDom: true\n}).contains('example.json');",
              "err": {},
              "uuid": "ebd60e78-7a69-4417-a98a-24aca7dc1d01",
              "parentUUID": "0f90f32a-5e1f-439e-b629-81147de8ad28",
              "isHook": false,
              "skipped": false
            }
          ],
          "suites": [],
          "passes": [
            "ebd60e78-7a69-4417-a98a-24aca7dc1d01"
          ],
          "failures": [],
          "pending": [],
          "skipped": [],
          "duration": 9018,
          "root": false,
          "rootEmpty": false,
          "_timeout": 2000
        }
      ],
      "passes": [],
      "failures": [],
      "pending": [],
      "skipped": [],
      "duration": 0,
      "root": true,
      "rootEmpty": true,
      "_timeout": 2000
    }
  ],
  "meta": {
    "mocha": {
      "version": "7.0.1"
    },
    "mochawesome": {
      "options": {
        "quiet": false,
        "reportFilename": "mochawesome",
        "saveHtml": false,
        "saveJson": true,
        "consoleReporter": "spec",
        "useInlineDiffs": false,
        "code": true
      },
      "version": "7.1.3"
    },
    "marge": {
      "options": {
        "charts": true,
        "overwrite": false,
        "html": false,
        "json": true,
        "reportDir": "cypress/report"
      },
      "version": "6.2.0"
    }
  }
}